2016-05-19 06:45:59 trace :
------------
String:
<xml><ToUserName><![CDATA[gh_5509b4cd4413]]></ToUserName>
<FromUserName><![CDATA[ouDxjs9_n1HE4PBM5H2ulSTxyOU8]]></FromUserName>
<CreateTime>1463611559</CreateTime>
<MsgType><![CDATA[event]]></MsgType>
<Event><![CDATA[unsubscribe]]></Event>
<EventKey><![CDATA[]]></EventKey>
</xml>

2016-05-19 09:30:22 trace :
------------
String:
<xml><ToUserName><![CDATA[gh_5509b4cd4413]]></ToUserName>
<FromUserName><![CDATA[ouDxjs3IYIbBtLslIDGu7_KgW_h8]]></FromUserName>
<CreateTime>1463621421</CreateTime>
<MsgType><![CDATA[text]]></MsgType>
<Content><![CDATA[砍价]]></Content>
<MsgId>6286206137324881318</MsgId>
</xml>

2016-05-19 09:30:22 params :
------------
Array:
message : Array ;
module : mon_xkwkj ;
rule : 10 ;
priority : 0 ;
keyword : Array ;

2016-05-19 09:30:22 response :
------------
Array:
FromUserName : gh_5509b4cd4413 ;
ToUserName : ouDxjs3IYIbBtLslIDGu7_KgW_h8 ;
MsgType : news ;
ArticleCount : 1 ;
Articles : Array ;

2016-05-19 10:11:09 trace :
------------
String:
<xml><ToUserName><![CDATA[gh_cf88722c3231]]></ToUserName>
<FromUserName><![CDATA[oH305vw3IqlQw-7lDKxbso4ZoPjc]]></FromUserName>
<CreateTime>1463623868</CreateTime>
<MsgType><![CDATA[text]]></MsgType>
<Content><![CDATA[砍价]]></Content>
<MsgId>6286216647136976707</MsgId>
</xml>

2016-05-19 10:11:09 params :
------------
Array:
message : Array ;
module : mon_xkwkj ;
rule : 11 ;
priority : 0 ;
keyword : Array ;

2016-05-19 10:11:09 response :
------------
Array:
FromUserName : gh_cf88722c3231 ;
ToUserName : oH305vw3IqlQw-7lDKxbso4ZoPjc ;
MsgType : news ;
ArticleCount : 1 ;
Articles : Array ;

2016-05-19 10:23:55 trace :
------------
String:
<xml><ToUserName><![CDATA[gh_cf88722c3231]]></ToUserName>
<FromUserName><![CDATA[oH305vw3IqlQw-7lDKxbso4ZoPjc]]></FromUserName>
<CreateTime>1463624634</CreateTime>
<MsgType><![CDATA[text]]></MsgType>
<Content><![CDATA[助力]]></Content>
<MsgId>6286219937081926321</MsgId>
</xml>

2016-05-19 10:23:55 params :
------------
Array:
message : Array ;
module : mon_weishare ;
rule : 12 ;
priority : 0 ;
keyword : Array ;

2016-05-19 10:23:55 response :
------------
Array:
FromUserName : gh_cf88722c3231 ;
ToUserName : oH305vw3IqlQw-7lDKxbso4ZoPjc ;
MsgType : news ;
ArticleCount : 1 ;
Articles : Array ;

2016-05-19 10:30:23 trace :
------------
String:
<xml><ToUserName><![CDATA[gh_5509b4cd4413]]></ToUserName>
<FromUserName><![CDATA[ouDxjs3IYIbBtLslIDGu7_KgW_h8]]></FromUserName>
<CreateTime>1463625022</CreateTime>
<MsgType><![CDATA[text]]></MsgType>
<Content><![CDATA[1]]></Content>
<MsgId>6286221603502114218</MsgId>
</xml>

2016-05-19 10:30:23 params :
------------
Array:
message : Array ;
module : mon_xkwkj ;
rule : 13 ;
priority : 0 ;
keyword : Array ;

2016-05-19 10:30:23 response :
------------
Array:
FromUserName : gh_5509b4cd4413 ;
ToUserName : ouDxjs3IYIbBtLslIDGu7_KgW_h8 ;
MsgType : news ;
ArticleCount : 1 ;
Articles : Array ;

2016-05-19 10:50:00 trace :
------------
String:
<xml><ToUserName><![CDATA[gh_5509b4cd4413]]></ToUserName>
<FromUserName><![CDATA[ouDxjs3qRaaYL0ec88n3fMg5VcCY]]></FromUserName>
<CreateTime>1463626199</CreateTime>
<MsgType><![CDATA[event]]></MsgType>
<Event><![CDATA[LOCATION]]></Event>
<Latitude>34.749432</Latitude>
<Longitude>113.678894</Longitude>
<Precision>65.000000</Precision>
</xml>

2016-05-19 10:50:00 params :
------------
Array:
message : Array ;
module : default ;
rule : -1 ;

2016-05-19 10:50:00 response :
------------
Array:
errno : -1 ;
message : Invaild value ;

2016-05-19 10:58:02 trace :
------------
String:
<xml><ToUserName><![CDATA[gh_5509b4cd4413]]></ToUserName>
<FromUserName><![CDATA[ouDxjs3IYIbBtLslIDGu7_KgW_h8]]></FromUserName>
<CreateTime>1463626681</CreateTime>
<MsgType><![CDATA[text]]></MsgType>
<Content><![CDATA[砍价]]></Content>
<MsgId>6286228728852858284</MsgId>
</xml>

2016-05-19 10:58:02 params :
------------
Array:
message : Array ;
module : mon_xkwkj ;
rule : 10 ;
priority : 0 ;
keyword : Array ;

2016-05-19 10:58:02 response :
------------
Array:
FromUserName : gh_5509b4cd4413 ;
ToUserName : ouDxjs3IYIbBtLslIDGu7_KgW_h8 ;
MsgType : news ;
ArticleCount : 1 ;
Articles : Array ;

2016-05-19 11:01:08 trace :
------------
String:
<xml><ToUserName><![CDATA[gh_5509b4cd4413]]></ToUserName>
<FromUserName><![CDATA[ouDxjs3IYIbBtLslIDGu7_KgW_h8]]></FromUserName>
<CreateTime>1463626868</CreateTime>
<MsgType><![CDATA[text]]></MsgType>
<Content><![CDATA[1]]></Content>
<MsgId>6286229532011742638</MsgId>
</xml>

2016-05-19 11:01:08 params :
------------
Array:
message : Array ;
module : mon_xkwkj ;
rule : 13 ;
priority : 0 ;
keyword : Array ;

2016-05-19 11:01:08 response :
------------
Array:
FromUserName : gh_5509b4cd4413 ;
ToUserName : ouDxjs3IYIbBtLslIDGu7_KgW_h8 ;
MsgType : news ;
ArticleCount : 1 ;
Articles : Array ;

2016-05-19 12:11:16 trace :
------------
String:
<xml><ToUserName><![CDATA[gh_5509b4cd4413]]></ToUserName>
<FromUserName><![CDATA[ouDxjs3IYIbBtLslIDGu7_KgW_h8]]></FromUserName>
<CreateTime>1463631075</CreateTime>
<MsgType><![CDATA[text]]></MsgType>
<Content><![CDATA[2]]></Content>
<MsgId>6286247600939156912</MsgId>
</xml>

2016-05-19 12:11:16 params :
------------
Array:
message : Array ;
module : mon_xkwkj ;
rule : 14 ;
priority : 0 ;
keyword : Array ;

2016-05-19 12:11:16 response :
------------
Array:
FromUserName : gh_5509b4cd4413 ;
ToUserName : ouDxjs3IYIbBtLslIDGu7_KgW_h8 ;
MsgType : news ;
ArticleCount : 1 ;
Articles : Array ;

