2017-05-16 11:12:35 trace :
------------
String:
<xml><ToUserName><![CDATA[toUser]]></ToUserName><FromUserName><![CDATA[fromUser]]></FromUserName><CreateTime>1494904356</CreateTime><MsgType><![CDATA[text]]></MsgType><Content><![CDATA[报名]]></Content><MsgId>1234567890123456</MsgId></xml>

2017-05-16 11:12:35 params :
------------
String:
array (
  'rule' => -2,
  'module' => '',
  'message' => 
  array (
    'tousername' => 'toUser',
    'fromusername' => 'fromUser',
    'createtime' => '1494904356',
    'msgtype' => 'text',
    'content' => '报名',
    'msgid' => '1234567890123456',
    'from' => 'fromUser',
    'to' => 'toUser',
    'time' => '1494904356',
    'type' => 'text',
    'event' => NULL,
    'redirection' => false,
    'source' => NULL,
  ),
)

2017-05-16 11:12:35 response :
------------

2017-05-16 11:12:42 trace :
------------
String:
<xml><ToUserName><![CDATA[toUser]]></ToUserName><FromUserName><![CDATA[fromUser]]></FromUserName><CreateTime>1494904362</CreateTime><MsgType><![CDATA[text]]></MsgType><Content><![CDATA[活动]]></Content><MsgId>1234567890123456</MsgId></xml>

2017-05-16 11:12:42 params :
------------
String:
array (
  'message' => 
  array (
    'tousername' => 'toUser',
    'fromusername' => 'fromUser',
    'createtime' => '1494904362',
    'msgtype' => 'text',
    'content' => '活动',
    'msgid' => '1234567890123456',
    'from' => 'fromUser',
    'to' => 'toUser',
    'time' => '1494904362',
    'type' => 'text',
    'event' => NULL,
    'redirection' => false,
    'source' => NULL,
  ),
  'module' => 'cover',
  'rule' => '9',
  'priority' => '0',
  'keyword' => 
  array (
    'id' => '13',
    'rid' => '9',
    'uniacid' => '1',
    'module' => 'cover',
    'content' => '活动',
    'type' => '1',
    'displayorder' => '0',
    'status' => '1',
  ),
)

2017-05-16 11:12:42 response :
------------
Array:
FromUserName : toUser ;
ToUserName : fromUser ;
MsgType : news ;
ArticleCount : 1 ;
Articles : Array ;

2017-05-16 12:42:02 trace :
------------
String:
<xml><ToUserName><![CDATA[toUser]]></ToUserName><FromUserName><![CDATA[fromUser]]></FromUserName><CreateTime>1494909723</CreateTime><MsgType><![CDATA[text]]></MsgType><Content><![CDATA[活动]]></Content><MsgId>1234567890123456</MsgId></xml>

2017-05-16 12:42:02 params :
------------
String:
array (
  'message' => 
  array (
    'tousername' => 'toUser',
    'fromusername' => 'fromUser',
    'createtime' => '1494909723',
    'msgtype' => 'text',
    'content' => '活动',
    'msgid' => '1234567890123456',
    'from' => 'fromUser',
    'to' => 'toUser',
    'time' => '1494909723',
    'type' => 'text',
    'event' => NULL,
    'redirection' => false,
    'source' => NULL,
  ),
  'module' => 'cover',
  'rule' => '9',
  'priority' => '0',
  'keyword' => 
  array (
    'id' => '13',
    'rid' => '9',
    'uniacid' => '1',
    'module' => 'cover',
    'content' => '活动',
    'type' => '1',
    'displayorder' => '0',
    'status' => '1',
  ),
)

2017-05-16 12:42:02 response :
------------
Array:
FromUserName : toUser ;
ToUserName : fromUser ;
MsgType : news ;
ArticleCount : 1 ;
Articles : Array ;

2017-05-16 13:32:25 trace :
------------
String:
<xml><ToUserName><![CDATA[toUser]]></ToUserName><FromUserName><![CDATA[fromUser]]></FromUserName><CreateTime>1494912745</CreateTime><MsgType><![CDATA[text]]></MsgType><Content><![CDATA[活动]]></Content><MsgId>1234567890123456</MsgId></xml>

2017-05-16 13:32:25 params :
------------
String:
array (
  'message' => 
  array (
    'tousername' => 'toUser',
    'fromusername' => 'fromUser',
    'createtime' => '1494912745',
    'msgtype' => 'text',
    'content' => '活动',
    'msgid' => '1234567890123456',
    'from' => 'fromUser',
    'to' => 'toUser',
    'time' => '1494912745',
    'type' => 'text',
    'event' => NULL,
    'redirection' => false,
    'source' => NULL,
  ),
  'module' => 'cover',
  'rule' => '9',
  'priority' => '0',
  'keyword' => 
  array (
    'id' => '13',
    'rid' => '9',
    'uniacid' => '1',
    'module' => 'cover',
    'content' => '活动',
    'type' => '1',
    'displayorder' => '0',
    'status' => '1',
  ),
)

2017-05-16 13:32:25 response :
------------
Array:
FromUserName : toUser ;
ToUserName : fromUser ;
MsgType : news ;
ArticleCount : 1 ;
Articles : Array ;

2017-05-16 13:52:44 trace :
------------
String:
<xml><ToUserName><![CDATA[toUser]]></ToUserName><FromUserName><![CDATA[fromUser]]></FromUserName><CreateTime>1494913964</CreateTime><MsgType><![CDATA[text]]></MsgType><Content><![CDATA[活动]]></Content><MsgId>1234567890123456</MsgId></xml>

2017-05-16 13:52:44 params :
------------
String:
array (
  'message' => 
  array (
    'tousername' => 'toUser',
    'fromusername' => 'fromUser',
    'createtime' => '1494913964',
    'msgtype' => 'text',
    'content' => '活动',
    'msgid' => '1234567890123456',
    'from' => 'fromUser',
    'to' => 'toUser',
    'time' => '1494913964',
    'type' => 'text',
    'event' => NULL,
    'redirection' => false,
    'source' => NULL,
  ),
  'module' => 'cover',
  'rule' => '9',
  'priority' => '0',
  'keyword' => 
  array (
    'id' => '13',
    'rid' => '9',
    'uniacid' => '1',
    'module' => 'cover',
    'content' => '活动',
    'type' => '1',
    'displayorder' => '0',
    'status' => '1',
  ),
)

2017-05-16 13:52:44 response :
------------
Array:
FromUserName : toUser ;
ToUserName : fromUser ;
MsgType : news ;
ArticleCount : 1 ;
Articles : Array ;

2017-05-16 13:54:13 trace :
------------
String:
<xml><ToUserName><![CDATA[toUser]]></ToUserName><FromUserName><![CDATA[fromUser]]></FromUserName><CreateTime>1494914054</CreateTime><MsgType><![CDATA[text]]></MsgType><Content><![CDATA[活动]]></Content><MsgId>1234567890123456</MsgId></xml>

2017-05-16 13:54:13 params :
------------
String:
array (
  'message' => 
  array (
    'tousername' => 'toUser',
    'fromusername' => 'fromUser',
    'createtime' => '1494914054',
    'msgtype' => 'text',
    'content' => '活动',
    'msgid' => '1234567890123456',
    'from' => 'fromUser',
    'to' => 'toUser',
    'time' => '1494914054',
    'type' => 'text',
    'event' => NULL,
    'redirection' => false,
    'source' => NULL,
  ),
  'module' => 'cover',
  'rule' => '9',
  'priority' => '0',
  'keyword' => 
  array (
    'id' => '13',
    'rid' => '9',
    'uniacid' => '1',
    'module' => 'cover',
    'content' => '活动',
    'type' => '1',
    'displayorder' => '0',
    'status' => '1',
  ),
)

2017-05-16 13:54:13 response :
------------
Array:
FromUserName : toUser ;
ToUserName : fromUser ;
MsgType : news ;
ArticleCount : 1 ;
Articles : Array ;

